<?xml version="1.0" encoding="UTF-8"?>
<testng-results skipped="0" failed="0" ignored="0" total="1" passed="1">
  <reporter-output>
  </reporter-output>
  <suite name="test guru app" duration-ms="14724" started-at="2022-12-17T13:16:37 IST" finished-at="2022-12-17T13:16:52 IST">
    <groups>
    </groups>
    <test name="Gure app test" duration-ms="14724" started-at="2022-12-17T13:16:37 IST" finished-at="2022-12-17T13:16:52 IST">
      <class name="com.inetbanking.TestCases.TC_LoginTest_001">
        <test-method status="PASS" signature="init()[pri:0, instance:com.inetbanking.TestCases.TC_LoginTest_001@8e24743]" name="init" is-config="true" duration-ms="8" started-at="2022-12-17T13:16:37 IST" finished-at="2022-12-17T13:16:37 IST">
          <reporter-output>
          </reporter-output>
        </test-method> <!-- init -->
        <test-method status="PASS" signature="setup()[pri:0, instance:com.inetbanking.TestCases.TC_LoginTest_001@8e24743]" name="setup" is-config="true" duration-ms="6601" started-at="2022-12-17T13:16:37 IST" finished-at="2022-12-17T13:16:44 IST">
          <reporter-output>
          </reporter-output>
        </test-method> <!-- setup -->
        <test-method status="PASS" signature="LoginTest()[pri:0, instance:com.inetbanking.TestCases.TC_LoginTest_001@8e24743]" name="LoginTest" duration-ms="7324" started-at="2022-12-17T13:16:44 IST" finished-at="2022-12-17T13:16:51 IST">
          <reporter-output>
          </reporter-output>
        </test-method> <!-- LoginTest -->
        <test-method status="PASS" signature="TearDown()[pri:0, instance:com.inetbanking.TestCases.TC_LoginTest_001@8e24743]" name="TearDown" is-config="true" duration-ms="756" started-at="2022-12-17T13:16:51 IST" finished-at="2022-12-17T13:16:52 IST">
          <reporter-output>
          </reporter-output>
        </test-method> <!-- TearDown -->
      </class> <!-- com.inetbanking.TestCases.TC_LoginTest_001 -->
    </test> <!-- Gure app test -->
  </suite> <!-- test guru app -->
</testng-results>
